{"/Users/arthurricken/Desktop/teste_senha/Senha/src/model/Senha.js": {"path":"/Users/arthurricken/Desktop/teste_senha/Senha/src/model/Senha.js","statementMap":{"0":{"start":{"line":3,"column":8},"end":{"line":3,"column":25}},"1":{"start":{"line":7,"column":0},"end":{"line":7,"column":26}}},"fnMap":{"0":{"name":"(anonymous_0)","decl":{"start":{"line":2,"column":4},"end":{"line":2,"column":5}},"loc":{"start":{"line":2,"column":24},"end":{"line":4,"column":5}},"line":2}},"branchMap":{},"s":{"0":2,"1":1},"f":{"0":2},"b":{},"_coverageSchema":"1a1c01bbd47fc00a2c39e90264f33305004495a9","hash":"1e804bd008fd28db9fd6524964f5075b29e742a7"}
,"/Users/arthurricken/Desktop/teste_senha/Senha/src/service/SenhaService.js": {"path":"/Users/arthurricken/Desktop/teste_senha/Senha/src/service/SenhaService.js","statementMap":{"0":{"start":{"line":1,"column":23},"end":{"line":1,"column":52}},"1":{"start":{"line":4,"column":8},"end":{"line":4,"column":46}},"2":{"start":{"line":4,"column":34},"end":{"line":4,"column":46}},"3":{"start":{"line":7,"column":0},"end":{"line":7,"column":32}}},"fnMap":{"0":{"name":"(anonymous_0)","decl":{"start":{"line":3,"column":4},"end":{"line":3,"column":5}},"loc":{"start":{"line":3,"column":32},"end":{"line":5,"column":5}},"line":3}},"branchMap":{"0":{"loc":{"start":{"line":4,"column":8},"end":{"line":4,"column":46}},"type":"if","locations":[{"start":{"line":4,"column":8},"end":{"line":4,"column":46}},{"start":{},"end":{}}],"line":4}},"s":{"0":1,"1":2,"2":1,"3":1},"f":{"0":2},"b":{"0":[1,1]},"_coverageSchema":"1a1c01bbd47fc00a2c39e90264f33305004495a9","hash":"2dc6ba57720ee59269ebd4678f36a3b9e0f28a35"}
,"/Users/arthurricken/Desktop/teste_senha/Senha/src/utils/constants.js": {"path":"/Users/arthurricken/Desktop/teste_senha/Senha/src/utils/constants.js","statementMap":{"0":{"start":{"line":1,"column":19},"end":{"line":4,"column":1}},"1":{"start":{"line":6,"column":0},"end":{"line":6,"column":30}}},"fnMap":{},"branchMap":{},"s":{"0":1,"1":1},"f":{},"b":{},"_coverageSchema":"1a1c01bbd47fc00a2c39e90264f33305004495a9","hash":"88dee903040bb63fe5a758a2d96c2daffb4b1e57"}
}
