{"/Users/arthurricken/Desktop/teste_senha/Senha/src/model/Senha.js": {"path":"/Users/arthurricken/Desktop/teste_senha/Senha/src/model/Senha.js","statementMap":{"0":{"start":{"line":3,"column":8},"end":{"line":3,"column":25}},"1":{"start":{"line":7,"column":0},"end":{"line":7,"column":26}}},"fnMap":{"0":{"name":"(anonymous_0)","decl":{"start":{"line":2,"column":4},"end":{"line":2,"column":5}},"loc":{"start":{"line":2,"column":24},"end":{"line":4,"column":5}},"line":2}},"branchMap":{},"s":{"0":12,"1":1},"f":{"0":12},"b":{},"_coverageSchema":"1a1c01bbd47fc00a2c39e90264f33305004495a9","hash":"1e804bd008fd28db9fd6524964f5075b29e742a7"}
,"/Users/arthurricken/Desktop/teste_senha/Senha/src/service/SenhaService.js": {"path":"/Users/arthurricken/Desktop/teste_senha/Senha/src/service/SenhaService.js","statementMap":{"0":{"start":{"line":1,"column":23},"end":{"line":1,"column":52}},"1":{"start":{"line":4,"column":8},"end":{"line":4,"column":39}},"2":{"start":{"line":8,"column":8},"end":{"line":8,"column":41}},"3":{"start":{"line":12,"column":8},"end":{"line":12,"column":41}},"4":{"start":{"line":16,"column":8},"end":{"line":16,"column":53}},"5":{"start":{"line":20,"column":8},"end":{"line":20,"column":39}},"6":{"start":{"line":24,"column":8},"end":{"line":28,"column":41}},"7":{"start":{"line":32,"column":22},"end":{"line":32,"column":24}},"8":{"start":{"line":34,"column":8},"end":{"line":34,"column":98}},"9":{"start":{"line":34,"column":40},"end":{"line":34,"column":98}},"10":{"start":{"line":35,"column":8},"end":{"line":35,"column":108}},"11":{"start":{"line":35,"column":47},"end":{"line":35,"column":108}},"12":{"start":{"line":36,"column":8},"end":{"line":36,"column":108}},"13":{"start":{"line":36,"column":47},"end":{"line":36,"column":108}},"14":{"start":{"line":37,"column":8},"end":{"line":37,"column":124}},"15":{"start":{"line":37,"column":50},"end":{"line":37,"column":124}},"16":{"start":{"line":38,"column":8},"end":{"line":38,"column":85}},"17":{"start":{"line":38,"column":39},"end":{"line":38,"column":85}},"18":{"start":{"line":40,"column":8},"end":{"line":43,"column":10}},"19":{"start":{"line":47,"column":0},"end":{"line":47,"column":32}}},"fnMap":{"0":{"name":"(anonymous_0)","decl":{"start":{"line":3,"column":4},"end":{"line":3,"column":5}},"loc":{"start":{"line":3,"column":32},"end":{"line":5,"column":5}},"line":3},"1":{"name":"(anonymous_1)","decl":{"start":{"line":7,"column":4},"end":{"line":7,"column":5}},"loc":{"start":{"line":7,"column":39},"end":{"line":9,"column":5}},"line":7},"2":{"name":"(anonymous_2)","decl":{"start":{"line":11,"column":4},"end":{"line":11,"column":5}},"loc":{"start":{"line":11,"column":39},"end":{"line":13,"column":5}},"line":11},"3":{"name":"(anonymous_3)","decl":{"start":{"line":15,"column":4},"end":{"line":15,"column":5}},"loc":{"start":{"line":15,"column":42},"end":{"line":17,"column":5}},"line":15},"4":{"name":"(anonymous_4)","decl":{"start":{"line":19,"column":4},"end":{"line":19,"column":5}},"loc":{"start":{"line":19,"column":31},"end":{"line":21,"column":5}},"line":19},"5":{"name":"(anonymous_5)","decl":{"start":{"line":23,"column":4},"end":{"line":23,"column":5}},"loc":{"start":{"line":23,"column":30},"end":{"line":29,"column":5}},"line":23},"6":{"name":"(anonymous_6)","decl":{"start":{"line":31,"column":4},"end":{"line":31,"column":5}},"loc":{"start":{"line":31,"column":38},"end":{"line":44,"column":5}},"line":31}},"branchMap":{"0":{"loc":{"start":{"line":24,"column":15},"end":{"line":28,"column":40}},"type":"binary-expr","locations":[{"start":{"line":24,"column":15},"end":{"line":24,"column":41}},{"start":{"line":25,"column":15},"end":{"line":25,"column":48}},{"start":{"line":26,"column":15},"end":{"line":26,"column":48}},{"start":{"line":27,"column":15},"end":{"line":27,"column":51}},{"start":{"line":28,"column":15},"end":{"line":28,"column":40}}],"line":24},"1":{"loc":{"start":{"line":34,"column":8},"end":{"line":34,"column":98}},"type":"if","locations":[{"start":{"line":34,"column":8},"end":{"line":34,"column":98}},{"start":{},"end":{}}],"line":34},"2":{"loc":{"start":{"line":35,"column":8},"end":{"line":35,"column":108}},"type":"if","locations":[{"start":{"line":35,"column":8},"end":{"line":35,"column":108}},{"start":{},"end":{}}],"line":35},"3":{"loc":{"start":{"line":36,"column":8},"end":{"line":36,"column":108}},"type":"if","locations":[{"start":{"line":36,"column":8},"end":{"line":36,"column":108}},{"start":{},"end":{}}],"line":36},"4":{"loc":{"start":{"line":37,"column":8},"end":{"line":37,"column":124}},"type":"if","locations":[{"start":{"line":37,"column":8},"end":{"line":37,"column":124}},{"start":{},"end":{}}],"line":37},"5":{"loc":{"start":{"line":38,"column":8},"end":{"line":38,"column":85}},"type":"if","locations":[{"start":{"line":38,"column":8},"end":{"line":38,"column":85}},{"start":{},"end":{}}],"line":38}},"s":{"0":1,"1":4,"2":4,"3":4,"4":4,"5":4,"6":0,"7":2,"8":2,"9":1,"10":2,"11":1,"12":2,"13":0,"14":2,"15":1,"16":2,"17":0,"18":2,"19":1},"f":{"0":4,"1":4,"2":4,"3":4,"4":4,"5":0,"6":2},"b":{"0":[0,0,0,0,0],"1":[1,1],"2":[1,1],"3":[0,2],"4":[1,1],"5":[0,2]},"_coverageSchema":"1a1c01bbd47fc00a2c39e90264f33305004495a9","hash":"b911f308418f96526da4770180f6b7d4321bafb3"}
,"/Users/arthurricken/Desktop/teste_senha/Senha/src/utils/constants.js": {"path":"/Users/arthurricken/Desktop/teste_senha/Senha/src/utils/constants.js","statementMap":{"0":{"start":{"line":1,"column":19},"end":{"line":7,"column":1}},"1":{"start":{"line":9,"column":0},"end":{"line":9,"column":30}}},"fnMap":{},"branchMap":{},"s":{"0":1,"1":1},"f":{},"b":{},"_coverageSchema":"1a1c01bbd47fc00a2c39e90264f33305004495a9","hash":"25e2b5fc37c33c5012905f4af8829722d28d520c"}
}
