TN:
SF:src/model/Senha.js
FN:2,(anonymous_0)
FNF:1
FNH:1
FNDA:12,(anonymous_0)
DA:3,12
DA:7,1
LF:2
LH:2
BRF:0
BRH:0
end_of_record
TN:
SF:src/service/SenhaService.js
FN:3,(anonymous_0)
FN:7,(anonymous_1)
FN:11,(anonymous_2)
FN:15,(anonymous_3)
FN:19,(anonymous_4)
FN:23,(anonymous_5)
FN:31,(anonymous_6)
FNF:7
FNH:6
FNDA:4,(anonymous_0)
FNDA:4,(anonymous_1)
FNDA:4,(anonymous_2)
FNDA:4,(anonymous_3)
FNDA:4,(anonymous_4)
FNDA:0,(anonymous_5)
FNDA:2,(anonymous_6)
DA:1,1
DA:4,4
DA:8,4
DA:12,4
DA:16,4
DA:20,4
DA:24,0
DA:32,2
DA:34,2
DA:35,2
DA:36,2
DA:37,2
DA:38,2
DA:40,2
DA:47,1
LF:15
LH:14
BRDA:24,0,0,0
BRDA:24,0,1,0
BRDA:24,0,2,0
BRDA:24,0,3,0
BRDA:24,0,4,0
BRDA:34,1,0,1
BRDA:34,1,1,1
BRDA:35,2,0,1
BRDA:35,2,1,1
BRDA:36,3,0,0
BRDA:36,3,1,2
BRDA:37,4,0,1
BRDA:37,4,1,1
BRDA:38,5,0,0
BRDA:38,5,1,2
BRF:15
BRH:8
end_of_record
TN:
SF:src/utils/constants.js
FNF:0
FNH:0
DA:1,1
DA:9,1
LF:2
LH:2
BRF:0
BRH:0
end_of_record
